
Windows IP Configuration

   Host Name . . . . . . . . . . . . : MAX12
   Primary Dns Suffix  . . . . . . . : 
   Node Type . . . . . . . . . . . . : Mixed
   IP Routing Enabled. . . . . . . . : No
   WINS Proxy Enabled. . . . . . . . : No

Ethernet adapter Ethernet:

   Media State . . . . . . . . . . . : Media disconnected
   Connection-specific DNS Suffix  . : cuchdit.in
   Description . . . . . . . . . . . : Realtek Gaming GbE Family Controller
   Physical Address. . . . . . . . . : B0-22-7A-E7-02-AF
   DHCP Enabled. . . . . . . . . . . : Yes
   Autoconfiguration Enabled . . . . : Yes

Unknown adapter Local Area Connection 3:

   Media State . . . . . . . . . . . : Media disconnected
   Connection-specific DNS Suffix  . : 
   Description . . . . . . . . . . . : Windscribe Windtun420
   Physical Address. . . . . . . . . : 
   DHCP Enabled. . . . . . . . . . . : No
   Autoconfiguration Enabled . . . . : Yes

Ethernet adapter Ethernet 2:

   Connection-specific DNS Suffix  . : 
   Description . . . . . . . . . . . : VirtualBox Host-Only Ethernet Adapter
   Physical Address. . . . . . . . . : 0A-00-27-00-00-06
   DHCP Enabled. . . . . . . . . . . : No
   Autoconfiguration Enabled . . . . : Yes
   Link-local IPv6 Address . . . . . : fe80::c085:fd93:c38a:a9bb%6(Preferred) 
   IPv4 Address. . . . . . . . . . . : 192.168.56.1(Preferred) 
   Subnet Mask . . . . . . . . . . . : 255.255.255.0
   Default Gateway . . . . . . . . . : 
   DHCPv6 IAID . . . . . . . . . . . : 1124728871
   DHCPv6 Client DUID. . . . . . . . : 00-01-00-01-2A-C5-D2-7D-C0-3C-59-79-32-63
   NetBIOS over Tcpip. . . . . . . . : Enabled

Unknown adapter Local Area Connection 2:

   Media State . . . . . . . . . . . : Media disconnected
   Connection-specific DNS Suffix  . : 
   Description . . . . . . . . . . . : Windscribe VPN
   Physical Address. . . . . . . . . : 00-FF-CE-E8-CD-88
   DHCP Enabled. . . . . . . . . . . : Yes
   Autoconfiguration Enabled . . . . : Yes

Wireless LAN adapter Local Area Connection* 1:

   Media State . . . . . . . . . . . : Media disconnected
   Connection-specific DNS Suffix  . : 
   Description . . . . . . . . . . . : Microsoft Wi-Fi Direct Virtual Adapter
   Physical Address. . . . . . . . . : C0-3C-59-79-32-64
   DHCP Enabled. . . . . . . . . . . : Yes
   Autoconfiguration Enabled . . . . : Yes

Wireless LAN adapter Local Area Connection* 2:

   Media State . . . . . . . . . . . : Media disconnected
   Connection-specific DNS Suffix  . : 
   Description . . . . . . . . . . . : Microsoft Wi-Fi Direct Virtual Adapter #2
   Physical Address. . . . . . . . . : C2-3C-59-79-32-63
   DHCP Enabled. . . . . . . . . . . : No
   Autoconfiguration Enabled . . . . : Yes

Ethernet adapter VMware Network Adapter VMnet1:

   Connection-specific DNS Suffix  . : 
   Description . . . . . . . . . . . : VMware Virtual Ethernet Adapter for VMnet1
   Physical Address. . . . . . . . . : 00-50-56-C0-00-01
   DHCP Enabled. . . . . . . . . . . : No
   Autoconfiguration Enabled . . . . : Yes
   Link-local IPv6 Address . . . . . : fe80::ff40:ef04:c9eb:33f9%8(Preferred) 
   IPv4 Address. . . . . . . . . . . : 192.168.5.1(Preferred) 
   Subnet Mask . . . . . . . . . . . : 255.255.255.0
   Default Gateway . . . . . . . . . : 
   DHCPv6 IAID . . . . . . . . . . . : 67129430
   DHCPv6 Client DUID. . . . . . . . : 00-01-00-01-2A-C5-D2-7D-C0-3C-59-79-32-63
   NetBIOS over Tcpip. . . . . . . . : Enabled

Ethernet adapter VMware Network Adapter VMnet8:

   Connection-specific DNS Suffix  . : 
   Description . . . . . . . . . . . : VMware Virtual Ethernet Adapter for VMnet8
   Physical Address. . . . . . . . . : 00-50-56-C0-00-08
   DHCP Enabled. . . . . . . . . . . : No
   Autoconfiguration Enabled . . . . : Yes
   Link-local IPv6 Address . . . . . : fe80::9d30:3217:1a82:7a44%16(Preferred) 
   IPv4 Address. . . . . . . . . . . : 192.168.126.1(Preferred) 
   Subnet Mask . . . . . . . . . . . : 255.255.255.0
   Default Gateway . . . . . . . . . : 
   DHCPv6 IAID . . . . . . . . . . . : 402673750
   DHCPv6 Client DUID. . . . . . . . : 00-01-00-01-2A-C5-D2-7D-C0-3C-59-79-32-63
   NetBIOS over Tcpip. . . . . . . . : Enabled

Wireless LAN adapter Wi-Fi:

   Connection-specific DNS Suffix  . : 
   Description . . . . . . . . . . . : Intel(R) Wi-Fi 6 AX200 160MHz
   Physical Address. . . . . . . . . : C0-3C-59-79-32-63
   DHCP Enabled. . . . . . . . . . . : Yes
   Autoconfiguration Enabled . . . . : Yes
   IPv6 Address. . . . . . . . . . . : 2401:4900:1f33:d224:dab2:af7d:a35b:4b9e(Preferred) 
   Temporary IPv6 Address. . . . . . : 2401:4900:1f33:d224:70a9:a3b0:ae7a:ee83(Preferred) 
   Link-local IPv6 Address . . . . . : fe80::a87e:480d:6960:d079%17(Preferred) 
   IPv4 Address. . . . . . . . . . . : 192.168.1.7(Preferred) 
   Subnet Mask . . . . . . . . . . . : 255.255.255.0
   Lease Obtained. . . . . . . . . . : 23 July 2023 11:55:19
   Lease Expires . . . . . . . . . . : 02 August 2023 02:28:13
   Default Gateway . . . . . . . . . : fe80::1%17
                                       192.168.1.1
   DHCP Server . . . . . . . . . . . : 192.168.1.1
   DHCPv6 IAID . . . . . . . . . . . : 163593305
   DHCPv6 Client DUID. . . . . . . . : 00-01-00-01-2A-C5-D2-7D-C0-3C-59-79-32-63
   DNS Servers . . . . . . . . . . . : 192.168.1.1
   NetBIOS over Tcpip. . . . . . . . : Enabled

Ethernet adapter Bluetooth Network Connection:

   Media State . . . . . . . . . . . : Media disconnected
   Connection-specific DNS Suffix  . : 
   Description . . . . . . . . . . . : Bluetooth Device (Personal Area Network)
   Physical Address. . . . . . . . . : C0-3C-59-79-32-67
   DHCP Enabled. . . . . . . . . . . : Yes
   Autoconfiguration Enabled . . . . : Yes
